[debug] [2024-01-03T05:47:32.913Z] ----------------------------------------------------------------------
[debug] [2024-01-03T05:47:32.914Z] Command:       /home/daviddeadly/.asdf/installs/nodejs/20.10.0/bin/node /home/daviddeadly/.asdf/installs/nodejs/20.10.0/bin/firebase emulators:start --only functions
[debug] [2024-01-03T05:47:32.915Z] CLI Version:   13.0.2
[debug] [2024-01-03T05:47:32.915Z] Platform:      linux
[debug] [2024-01-03T05:47:32.915Z] Node Version:  v20.10.0
[debug] [2024-01-03T05:47:32.915Z] Time:          Wed Jan 03 2024 00:47:32 GMT-0500 (Colombia Standard Time)
[debug] [2024-01-03T05:47:32.915Z] ----------------------------------------------------------------------
[debug] 
[debug] [2024-01-03T05:47:32.964Z] Object "" in "firebase.json" has unknown property: {"additionalProperty":"react-native"}
[debug] [2024-01-03T05:47:32.968Z] > command requires scopes: ["email","openid","https://www.googleapis.com/auth/cloudplatformprojects.readonly","https://www.googleapis.com/auth/firebase","https://www.googleapis.com/auth/cloud-platform"]
[debug] [2024-01-03T05:47:32.968Z] > authorizing via signed-in user (jdrueda513@gmail.com)
[info] i  emulators: Starting emulators: functions {"metadata":{"emulator":{"name":"hub"},"message":"Starting emulators: functions"}}
[debug] [2024-01-03T05:47:32.976Z] [logging] Logging Emulator only supports listening on one address (127.0.0.1). Not listening on ::1
[debug] [2024-01-03T05:47:32.977Z] assigned listening specs for emulators {"user":{"hub":[{"address":"127.0.0.1","family":"IPv4","port":4400},{"address":"::1","family":"IPv6","port":4400}],"ui":[{"address":"127.0.0.1","family":"IPv4","port":4000},{"address":"::1","family":"IPv6","port":4000}],"logging":[{"address":"127.0.0.1","family":"IPv4","port":4500}]},"metadata":{"message":"assigned listening specs for emulators"}}
[debug] [2024-01-03T05:47:32.981Z] [hub] writing locator at /tmp/hub-versouls.json
[debug] [2024-01-03T05:47:32.989Z] [eventarc] Eventarc Emulator only supports listening on one address (127.0.0.1). Not listening on ::1
[debug] [2024-01-03T05:47:32.989Z] late-assigned ports for functions and eventarc emulators {"user":{"hub":[{"address":"127.0.0.1","family":"IPv4","port":4400},{"address":"::1","family":"IPv6","port":4400}],"ui":[{"address":"127.0.0.1","family":"IPv4","port":4000},{"address":"::1","family":"IPv6","port":4000}],"logging":[{"address":"127.0.0.1","family":"IPv4","port":4500}],"functions":[{"address":"192.168.1.14","family":"IPv4","port":5001}],"eventarc":[{"address":"127.0.0.1","family":"IPv4","port":9299}]},"metadata":{"message":"late-assigned ports for functions and eventarc emulators"}}
[warn] ⚠  functions: The following emulators are not running, calls to these services from the Functions emulator will affect production: auth, firestore, database, hosting, pubsub, storage {"metadata":{"emulator":{"name":"functions"},"message":"The following emulators are not running, calls to these services from the Functions emulator will affect production: \u001b[1mauth, firestore, database, hosting, pubsub, storage\u001b[22m"}}
[debug] [2024-01-03T05:47:32.990Z] defaultcredentials: writing to file /home/daviddeadly/.config/firebase/jdrueda513_gmail_com_application_default_credentials.json
[debug] [2024-01-03T05:47:32.992Z] Setting GAC to /home/daviddeadly/.config/firebase/jdrueda513_gmail_com_application_default_credentials.json {"metadata":{"emulator":{"name":"functions"},"message":"Setting GAC to /home/daviddeadly/.config/firebase/jdrueda513_gmail_com_application_default_credentials.json"}}
[debug] [2024-01-03T05:47:32.994Z] >>> [apiv2][query] GET https://firebase.googleapis.com/v1beta1/projects/versouls/adminSdkConfig [none]
[debug] [2024-01-03T05:47:33.520Z] <<< [apiv2][status] GET https://firebase.googleapis.com/v1beta1/projects/versouls/adminSdkConfig 200
[debug] [2024-01-03T05:47:33.520Z] <<< [apiv2][body] GET https://firebase.googleapis.com/v1beta1/projects/versouls/adminSdkConfig {"projectId":"versouls","storageBucket":"versouls.appspot.com","locationId":"us-east1"}
[debug] [2024-01-03T05:47:33.530Z] Ignoring unsupported arg: auto_download {"metadata":{"emulator":{"name":"ui"},"message":"Ignoring unsupported arg: auto_download"}}
[debug] [2024-01-03T05:47:33.530Z] Ignoring unsupported arg: port {"metadata":{"emulator":{"name":"ui"},"message":"Ignoring unsupported arg: port"}}
[debug] [2024-01-03T05:47:33.530Z] Starting Emulator UI with command {"binary":"node","args":["/home/daviddeadly/.cache/firebase/emulators/ui-v1.11.7/server/server.js"],"optionalArgs":[],"joinArgs":false} {"metadata":{"emulator":{"name":"ui"},"message":"Starting Emulator UI with command {\"binary\":\"node\",\"args\":[\"/home/daviddeadly/.cache/firebase/emulators/ui-v1.11.7/server/server.js\"],\"optionalArgs\":[],\"joinArgs\":false}"}}
[info] i  ui: Emulator UI logging to ui-debug.log {"metadata":{"emulator":{"name":"ui"},"message":"Emulator UI logging to \u001b[1mui-debug.log\u001b[22m"}}
[debug] [2024-01-03T05:47:33.606Z] Web / API server started at 127.0.0.1:4000
 {"metadata":{"emulator":{"name":"ui"},"message":"Web / API server started at 127.0.0.1:4000\n"}}
[debug] [2024-01-03T05:47:33.606Z] Web / API server started at ::1:4000
 {"metadata":{"emulator":{"name":"ui"},"message":"Web / API server started at ::1:4000\n"}}
[info] i  functions: Watching "/home/daviddeadly/Dev/Isa/PoemIsa/functions" for Cloud Functions... {"metadata":{"emulator":{"name":"functions"},"message":"Watching \"/home/daviddeadly/Dev/Isa/PoemIsa/functions\" for Cloud Functions..."}}
[debug] [2024-01-03T05:47:33.794Z] Validating nodejs source
[warn] ⚠  functions: package.json indicates an outdated version of firebase-functions. Please upgrade using npm install --save firebase-functions@latest in your functions directory. 
[debug] [2024-01-03T05:47:34.387Z] > [functions] package.json contents: {
  "name": "functions",
  "scripts": {
    "lint": "eslint --ext .js,.ts .",
    "build": "tsc",
    "build:watch": "tsc --watch",
    "serve": "npm run build && firebase emulators:start --only functions",
    "shell": "npm run build && firebase functions:shell",
    "start": "npm run shell",
    "deploy": "firebase deploy --only functions",
    "logs": "firebase functions:log"
  },
  "engines": {
    "node": "16"
  },
  "main": "lib/index.js",
  "dependencies": {
    "@google-cloud/vision": "^3.1.2",
    "@react-native-firebase/messaging": "^18.6.2",
    "dotenv": "^16.0.3",
    "firebase-admin": "^11.11.1",
    "firebase-functions": "^4.4.1"
  },
  "devDependencies": {
    "@typescript-eslint/eslint-plugin": "^5.12.0",
    "@typescript-eslint/parser": "^5.12.0",
    "eslint": "^8.9.0",
    "eslint-config-google": "^0.14.0",
    "eslint-plugin-import": "^2.25.4",
    "firebase-functions-test": "^3.0.0",
    "typescript": "^4.9.0"
  },
  "private": true
}
[debug] [2024-01-03T05:47:34.387Z] Building nodejs source
[debug] [2024-01-03T05:47:34.388Z] Failed to find version of module node: reached end of search path /home/daviddeadly/Dev/Isa/PoemIsa/functions/node_modules
[warn] ⚠  functions: Your requested "node" version "16" doesn't match your global version "20". Using node@20 from host. 
[debug] [2024-01-03T05:47:34.390Z] Could not find functions.yaml. Must use http discovery
[debug] [2024-01-03T05:47:34.393Z] Found firebase-functions binary at '/home/daviddeadly/Dev/Isa/PoemIsa/functions/node_modules/.bin/firebase-functions'
[info] Serving at port 8591

[debug] [2024-01-03T05:47:34.941Z] Got response from /__/functions.yaml {"endpoints":{"getAllPoems":{"platform":"gcfv1","labels":{},"availableMemoryMb":null,"timeoutSeconds":null,"minInstances":null,"maxInstances":null,"ingressSettings":null,"serviceAccountEmail":null,"vpc":null,"callableTrigger":{},"entryPoint":"getAllPoems"},"sendNotification":{"platform":"gcfv1","labels":{},"availableMemoryMb":null,"timeoutSeconds":null,"minInstances":null,"maxInstances":null,"ingressSettings":null,"serviceAccountEmail":null,"vpc":null,"callableTrigger":{},"entryPoint":"sendNotification"},"createUserDocument":{"platform":"gcfv1","availableMemoryMb":null,"timeoutSeconds":null,"minInstances":null,"maxInstances":null,"ingressSettings":null,"serviceAccountEmail":null,"vpc":null,"eventTrigger":{"eventType":"providers/firebase.auth/eventTypes/user.create","eventFilters":{"resource":"projects/versouls"},"retry":false},"labels":{},"entryPoint":"createUserDocument"},"handWrittenTextRecognition":{"platform":"gcfv1","labels":{},"availableMemoryMb":null,"timeoutSeconds":null,"minInstances":null,"maxInstances":null,"ingressSettings":null,"serviceAccountEmail":null,"vpc":null,"callableTrigger":{},"entryPoint":"handWrittenTextRecognition"}},"specVersion":"v1alpha1","requiredAPIs":[]}
[info] shutdown requested via /__/quitquitquit

[info] ✔  functions: Loaded functions definitions from source: getAllPoems, sendNotification, createUserDocument, handWrittenTextRecognition. {"metadata":{"emulator":{"name":"functions"},"message":"Loaded functions definitions from source: getAllPoems, sendNotification, createUserDocument, handWrittenTextRecognition."}}
[info] ✔  functions[us-central1-getAllPoems]: http function initialized (http://192.168.1.14:5001/versouls/us-central1/getAllPoems). {"metadata":{"emulator":{"name":"functions"},"message":"\u001b[1mhttp\u001b[22m function initialized (http://192.168.1.14:5001/versouls/us-central1/getAllPoems)."}}
[info] ✔  functions[us-central1-sendNotification]: http function initialized (http://192.168.1.14:5001/versouls/us-central1/sendNotification). {"metadata":{"emulator":{"name":"functions"},"message":"\u001b[1mhttp\u001b[22m function initialized (http://192.168.1.14:5001/versouls/us-central1/sendNotification)."}}
[debug] [2024-01-03T05:47:39.968Z] addAuthTrigger {"eventTrigger":{"eventType":"providers/firebase.auth/eventTypes/user.create","resource":"projects/versouls"}}
[info] ✔  functions[us-central1-createUserDocument]: auth function initialized. {"metadata":{"emulator":{"name":"functions"},"message":"\u001b[1mauth\u001b[22m function initialized."}}
[info] ✔  functions[us-central1-handWrittenTextRecognition]: http function initialized (http://192.168.1.14:5001/versouls/us-central1/handWrittenTextRecognition). {"metadata":{"emulator":{"name":"functions"},"message":"\u001b[1mhttp\u001b[22m function initialized (http://192.168.1.14:5001/versouls/us-central1/handWrittenTextRecognition)."}}
[info] 
┌─────────────────────────────────────────────────────────────┐
│ ✔  All emulators ready! It is now safe to connect your app. │
│ i  View Emulator UI at http://127.0.0.1:4000/               │
└─────────────────────────────────────────────────────────────┘

┌───────────┬───────────────────┬─────────────────────────────────┐
│ Emulator  │ Host:Port         │ View in Emulator UI             │
├───────────┼───────────────────┼─────────────────────────────────┤
│ Functions │ 192.168.1.14:5001 │ http://127.0.0.1:4000/functions │
└───────────┴───────────────────┴─────────────────────────────────┘
  Emulator Hub running at 127.0.0.1:4400
  Other reserved ports: 4500

Issues? Report them at https://github.com/firebase/firebase-tools/issues and attach the *-debug.log files.
 
[debug] [2024-01-03T05:47:54.958Z] [work-queue] {"queuedWork":["/versouls/us-central1/sendNotification-2024-01-03T05:47:54.958Z"],"queueLength":1,"runningWork":[],"workRunningCount":0}
[debug] [2024-01-03T05:47:54.958Z] [work-queue] {"queuedWork":[],"queueLength":0,"runningWork":["/versouls/us-central1/sendNotification-2024-01-03T05:47:54.958Z"],"workRunningCount":1}
[debug] [2024-01-03T05:47:54.959Z] Accepted request POST /versouls/us-central1/sendNotification --> us-central1-sendNotification
[debug] [2024-01-03T05:47:54.959Z] ID Token: eyJhbGciOiJSUzI1NiIsImtpZCI6ImQxNjg5NDE1ZWMyM2EzMzdlMmJiYWE1ZTNlNjhiNjZkYzk5MzY4ODQiLCJ0eXAiOiJKV1QifQ.eyJuYW1lIjoiSm9zZSBEYXZpZCBSdWVkYSIsInBpY3R1cmUiOiJodHRwczovL2xoMy5nb29nbGV1c2VyY29udGVudC5jb20vYS9BQWNIVHRkUE5tRXpKQ2JUb1FHSHhmeU9ZcEd3OFVwWGJSdzcxS3lmT2pSYThEOEdTcDA9czk2LWMiLCJpc3MiOiJodHRwczovL3NlY3VyZXRva2VuLmdvb2dsZS5jb20vdmVyc291bHMiLCJhdWQiOiJ2ZXJzb3VscyIsImF1dGhfdGltZSI6MTcwMTA1NTE0MSwidXNlcl9pZCI6ImJYT01hVjhZVFhTVXI3TUltYnJvaFk0ZXBBSjIiLCJzdWIiOiJiWE9NYVY4WVRYU1VyN01JbWJyb2hZNGVwQUoyIiwiaWF0IjoxNzA0MjYwNjgzLCJleHAiOjE3MDQyNjQyODMsImVtYWlsIjoiamRydWVkYTUxM0BnbWFpbC5jb20iLCJlbWFpbF92ZXJpZmllZCI6dHJ1ZSwiZmlyZWJhc2UiOnsiaWRlbnRpdGllcyI6eyJnb29nbGUuY29tIjpbIjExNTg2MTk2MTk1NTQzMzk0NTQ2MiJdLCJlbWFpbCI6WyJqZHJ1ZWRhNTEzQGdtYWlsLmNvbSJdfSwic2lnbl9pbl9wcm92aWRlciI6Imdvb2dsZS5jb20ifX0.jXKdgfwu3EnbusnvxQowL7sGRNY5GxKm24vH-qA1sgCsZidPtUecsrlV60JTf2qTHnJWLIn4_v7_yM2H8INhRJNwnp-XyKCtIPy6aEKxiwrOxD-vzXTaPdZkDIH8xwnarY5yY-79Jio3Pz1GYudturOvPeH3LSfviJXO7KP-jKfwKikg3iGEt9IeqsWGGHe5lEWZ10A0obrljli8RSkqppVGneDPq4GWoiFrnVPS1G78fG_dQkAqHNx10QMO0oCTCzwTJp4gOujd0inTxWy4xMYql6CY8pm-ijeGwzeNmXkrAShi2YkB1CYTCgDScAyRjwRlSblP1efgrrp3Wxw7gg
[debug] [2024-01-03T05:47:54.960Z] [functions] Runtime ready! Sending request! {"metadata":{"emulator":{"name":"functions"},"message":"[functions] Runtime ready! Sending request!"}}
[debug] [2024-01-03T05:47:54.960Z] [functions] Got req.url=/versouls/us-central1/sendNotification, mapping to path=/ {"metadata":{"emulator":{"name":"functions"},"message":"[functions] Got req.url=/versouls/us-central1/sendNotification, mapping to path=/"}}
[debug] [2024-01-03T05:47:54.967Z] [worker-pool] addWorker(us-central1-sendNotification) {"metadata":{"emulator":{"name":"functions"},"message":"[worker-pool] addWorker(us-central1-sendNotification)"}}
[debug] [2024-01-03T05:47:54.968Z] [worker-pool] Adding worker with key us-central1-sendNotification, total=1 {"metadata":{"emulator":{"name":"functions"},"message":"[worker-pool] Adding worker with key us-central1-sendNotification, total=1"}}
[debug] [2024-01-03T05:47:55.456Z] [runtime-status] [189264] Resolved module firebase-admin {"declared":true,"installed":true,"version":"11.11.1","resolution":"/home/daviddeadly/Dev/Isa/PoemIsa/functions/node_modules/firebase-admin/lib/index.js"} {"metadata":{"emulator":{"name":"functions"},"function":{"name":"us-central1-sendNotification"},"extension":{},"message":"[runtime-status] [189264] Resolved module firebase-admin {\"declared\":true,\"installed\":true,\"version\":\"11.11.1\",\"resolution\":\"/home/daviddeadly/Dev/Isa/PoemIsa/functions/node_modules/firebase-admin/lib/index.js\"}"}}
[debug] [2024-01-03T05:47:55.456Z] [runtime-status] [189264] Resolved module firebase-functions {"declared":true,"installed":true,"version":"4.4.1","resolution":"/home/daviddeadly/Dev/Isa/PoemIsa/functions/node_modules/firebase-functions/lib/v1/index.js"} {"metadata":{"emulator":{"name":"functions"},"function":{"name":"us-central1-sendNotification"},"extension":{},"message":"[runtime-status] [189264] Resolved module firebase-functions {\"declared\":true,\"installed\":true,\"version\":\"4.4.1\",\"resolution\":\"/home/daviddeadly/Dev/Isa/PoemIsa/functions/node_modules/firebase-functions/lib/v1/index.js\"}"}}
[debug] [2024-01-03T05:47:55.457Z] [runtime-status] [189264] Outgoing network have been stubbed. [{"name":"http","status":"mocked"},{"name":"http","status":"mocked"},{"name":"https","status":"mocked"},{"name":"https","status":"mocked"},{"name":"net","status":"mocked"}] {"metadata":{"emulator":{"name":"functions"},"function":{"name":"us-central1-sendNotification"},"extension":{},"message":"[runtime-status] [189264] Outgoing network have been stubbed. [{\"name\":\"http\",\"status\":\"mocked\"},{\"name\":\"http\",\"status\":\"mocked\"},{\"name\":\"https\",\"status\":\"mocked\"},{\"name\":\"https\",\"status\":\"mocked\"},{\"name\":\"net\",\"status\":\"mocked\"}]"}}
[debug] [2024-01-03T05:47:55.457Z] [runtime-status] [189264] Resolved module firebase-functions {"declared":true,"installed":true,"version":"4.4.1","resolution":"/home/daviddeadly/Dev/Isa/PoemIsa/functions/node_modules/firebase-functions/lib/v1/index.js"} {"metadata":{"emulator":{"name":"functions"},"function":{"name":"us-central1-sendNotification"},"extension":{},"message":"[runtime-status] [189264] Resolved module firebase-functions {\"declared\":true,\"installed\":true,\"version\":\"4.4.1\",\"resolution\":\"/home/daviddeadly/Dev/Isa/PoemIsa/functions/node_modules/firebase-functions/lib/v1/index.js\"}"}}
[debug] [2024-01-03T05:47:55.561Z] [runtime-status] [189264] Checked functions.config() {"config":{}} {"metadata":{"emulator":{"name":"functions"},"function":{"name":"us-central1-sendNotification"},"extension":{},"message":"[runtime-status] [189264] Checked functions.config() {\"config\":{}}"}}
[debug] [2024-01-03T05:47:55.562Z] [runtime-status] [189264] firebase-functions has been stubbed. {"functionsResolution":{"declared":true,"installed":true,"version":"4.4.1","resolution":"/home/daviddeadly/Dev/Isa/PoemIsa/functions/node_modules/firebase-functions/lib/v1/index.js"}} {"metadata":{"emulator":{"name":"functions"},"function":{"name":"us-central1-sendNotification"},"extension":{},"message":"[runtime-status] [189264] firebase-functions has been stubbed. {\"functionsResolution\":{\"declared\":true,\"installed\":true,\"version\":\"4.4.1\",\"resolution\":\"/home/daviddeadly/Dev/Isa/PoemIsa/functions/node_modules/firebase-functions/lib/v1/index.js\"}}"}}
[debug] [2024-01-03T05:47:55.562Z] [runtime-status] [189264] Resolved module firebase-functions {"declared":true,"installed":true,"version":"4.4.1","resolution":"/home/daviddeadly/Dev/Isa/PoemIsa/functions/node_modules/firebase-functions/lib/v1/index.js"} {"metadata":{"emulator":{"name":"functions"},"function":{"name":"us-central1-sendNotification"},"extension":{},"message":"[runtime-status] [189264] Resolved module firebase-functions {\"declared\":true,\"installed\":true,\"version\":\"4.4.1\",\"resolution\":\"/home/daviddeadly/Dev/Isa/PoemIsa/functions/node_modules/firebase-functions/lib/v1/index.js\"}"}}
[debug] [2024-01-03T05:47:55.563Z] [runtime-status] [189264] Resolved module firebase-admin {"declared":true,"installed":true,"version":"11.11.1","resolution":"/home/daviddeadly/Dev/Isa/PoemIsa/functions/node_modules/firebase-admin/lib/index.js"} {"metadata":{"emulator":{"name":"functions"},"function":{"name":"us-central1-sendNotification"},"extension":{},"message":"[runtime-status] [189264] Resolved module firebase-admin {\"declared\":true,\"installed\":true,\"version\":\"11.11.1\",\"resolution\":\"/home/daviddeadly/Dev/Isa/PoemIsa/functions/node_modules/firebase-admin/lib/index.js\"}"}}
[debug] [2024-01-03T05:47:55.563Z] [runtime-status] [189264] Resolved module firebase-functions {"declared":true,"installed":true,"version":"4.4.1","resolution":"/home/daviddeadly/Dev/Isa/PoemIsa/functions/node_modules/firebase-functions/lib/v1/index.js"} {"metadata":{"emulator":{"name":"functions"},"function":{"name":"us-central1-sendNotification"},"extension":{},"message":"[runtime-status] [189264] Resolved module firebase-functions {\"declared\":true,\"installed\":true,\"version\":\"4.4.1\",\"resolution\":\"/home/daviddeadly/Dev/Isa/PoemIsa/functions/node_modules/firebase-functions/lib/v1/index.js\"}"}}
[debug] [2024-01-03T05:47:55.564Z] [runtime-status] [189264] firebase-admin has been stubbed. {"adminResolution":{"declared":true,"installed":true,"version":"11.11.1","resolution":"/home/daviddeadly/Dev/Isa/PoemIsa/functions/node_modules/firebase-admin/lib/index.js"}} {"metadata":{"emulator":{"name":"functions"},"function":{"name":"us-central1-sendNotification"},"extension":{},"message":"[runtime-status] [189264] firebase-admin has been stubbed. {\"adminResolution\":{\"declared\":true,\"installed\":true,\"version\":\"11.11.1\",\"resolution\":\"/home/daviddeadly/Dev/Isa/PoemIsa/functions/node_modules/firebase-admin/lib/index.js\"}}"}}
[debug] [2024-01-03T05:47:55.894Z] [runtime-status] [189264] Functions runtime initialized. {"cwd":"/home/daviddeadly/Dev/Isa/PoemIsa/functions","node_version":"20.10.0"} {"metadata":{"emulator":{"name":"functions"},"function":{"name":"us-central1-sendNotification"},"extension":{},"message":"[runtime-status] [189264] Functions runtime initialized. {\"cwd\":\"/home/daviddeadly/Dev/Isa/PoemIsa/functions\",\"node_version\":\"20.10.0\"}"}}
[debug] [2024-01-03T05:47:55.895Z] [runtime-status] [189264] Listening to port: /tmp/fire_emu_62df72fdea56e5c3.sock {"metadata":{"emulator":{"name":"functions"},"function":{"name":"us-central1-sendNotification"},"extension":{},"message":"[runtime-status] [189264] Listening to port: /tmp/fire_emu_62df72fdea56e5c3.sock"}}
[debug] [2024-01-03T05:47:55.983Z] [worker-us-central1-sendNotification-73d51eed-2133-4457-98d0-794f2c32258f]: IDLE {"metadata":{"emulator":{"name":"functions"},"function":{"name":"us-central1-sendNotification"},"extension":{},"message":"[worker-us-central1-sendNotification-73d51eed-2133-4457-98d0-794f2c32258f]: IDLE"}}
[debug] [2024-01-03T05:47:55.984Z] [worker-pool] submitRequest(triggerId=us-central1-sendNotification) {"metadata":{"emulator":{"name":"functions"},"message":"[worker-pool] submitRequest(triggerId=us-central1-sendNotification)"}}
[info] i  functions: Beginning execution of "us-central1-sendNotification" {"metadata":{"emulator":{"name":"functions"},"function":{"name":"us-central1-sendNotification"},"extension":{},"message":"Beginning execution of \"us-central1-sendNotification\""}}
[debug] [2024-01-03T05:47:55.984Z] [worker-us-central1-sendNotification-73d51eed-2133-4457-98d0-794f2c32258f]: BUSY {"metadata":{"emulator":{"name":"functions"},"function":{"name":"us-central1-sendNotification"},"extension":{},"message":"[worker-us-central1-sendNotification-73d51eed-2133-4457-98d0-794f2c32258f]: BUSY"}}
[info] >  {"key":"x-callable-context-auth","value":"%7B%22uid%22%3A%22bXOMaV8YTXSUr7MImbrohY4epAJ2%22%2C%22token%22%3A%7B%22name%22%3A%22Jose%20David%20Rueda%22%2C%22picture%22%3A%22https%3A%2F%2Flh3.googleusercontent.com%2Fa%2FAAcHTtdPNmEzJCbToQGHxfyOYpGw8UpXbRw71KyfOjRa8D8GSp0%3Ds96-c%22%2C%22iss%22%3A%22https%3A%2F%2Fsecuretoken.google.com%2Fversouls%22%2C%22aud%22%3A%22versouls%22%2C%22auth_time%22%3A1701055141%2C%22user_id%22%3A%22bXOMaV8YTXSUr7MImbrohY4epAJ2%22%2C%22sub%22%3A%22bXOMaV8YTXSUr7MImbrohY4epAJ2%22%2C%22iat%22%3A1704260683%2C%22exp%22%3A1704264283%2C%22email%22%3A%22jdrueda513%40gmail.com%22%2C%22email_verified%22%3Atrue%2C%22firebase%22%3A%7B%22identities%22%3A%7B%22google.com%22%3A%5B%22115861961955433945462%22%5D%2C%22email%22%3A%5B%22jdrueda513%40gmail.com%22%5D%7D%2C%22sign_in_provider%22%3A%22google.com%22%7D%2C%22uid%22%3A%22bXOMaV8YTXSUr7MImbrohY4epAJ2%22%7D%7D","severity":"DEBUG","message":"Callable functions auth override"} {"user":{"key":"x-callable-context-auth","value":"%7B%22uid%22%3A%22bXOMaV8YTXSUr7MImbrohY4epAJ2%22%2C%22token%22%3A%7B%22name%22%3A%22Jose%20David%20Rueda%22%2C%22picture%22%3A%22https%3A%2F%2Flh3.googleusercontent.com%2Fa%2FAAcHTtdPNmEzJCbToQGHxfyOYpGw8UpXbRw71KyfOjRa8D8GSp0%3Ds96-c%22%2C%22iss%22%3A%22https%3A%2F%2Fsecuretoken.google.com%2Fversouls%22%2C%22aud%22%3A%22versouls%22%2C%22auth_time%22%3A1701055141%2C%22user_id%22%3A%22bXOMaV8YTXSUr7MImbrohY4epAJ2%22%2C%22sub%22%3A%22bXOMaV8YTXSUr7MImbrohY4epAJ2%22%2C%22iat%22%3A1704260683%2C%22exp%22%3A1704264283%2C%22email%22%3A%22jdrueda513%40gmail.com%22%2C%22email_verified%22%3Atrue%2C%22firebase%22%3A%7B%22identities%22%3A%7B%22google.com%22%3A%5B%22115861961955433945462%22%5D%2C%22email%22%3A%5B%22jdrueda513%40gmail.com%22%5D%7D%2C%22sign_in_provider%22%3A%22google.com%22%7D%2C%22uid%22%3A%22bXOMaV8YTXSUr7MImbrohY4epAJ2%22%7D%7D","severity":"DEBUG","message":"Callable functions auth override"},"metadata":{"emulator":{"name":"functions"},"function":{"name":"us-central1-sendNotification"},"extension":{},"message":"\u001b[90m> \u001b[39m {\"key\":\"x-callable-context-auth\",\"value\":\"%7B%22uid%22%3A%22bXOMaV8YTXSUr7MImbrohY4epAJ2%22%2C%22token%22%3A%7B%22name%22%3A%22Jose%20David%20Rueda%22%2C%22picture%22%3A%22https%3A%2F%2Flh3.googleusercontent.com%2Fa%2FAAcHTtdPNmEzJCbToQGHxfyOYpGw8UpXbRw71KyfOjRa8D8GSp0%3Ds96-c%22%2C%22iss%22%3A%22https%3A%2F%2Fsecuretoken.google.com%2Fversouls%22%2C%22aud%22%3A%22versouls%22%2C%22auth_time%22%3A1701055141%2C%22user_id%22%3A%22bXOMaV8YTXSUr7MImbrohY4epAJ2%22%2C%22sub%22%3A%22bXOMaV8YTXSUr7MImbrohY4epAJ2%22%2C%22iat%22%3A1704260683%2C%22exp%22%3A1704264283%2C%22email%22%3A%22jdrueda513%40gmail.com%22%2C%22email_verified%22%3Atrue%2C%22firebase%22%3A%7B%22identities%22%3A%7B%22google.com%22%3A%5B%22115861961955433945462%22%5D%2C%22email%22%3A%5B%22jdrueda513%40gmail.com%22%5D%7D%2C%22sign_in_provider%22%3A%22google.com%22%7D%2C%22uid%22%3A%22bXOMaV8YTXSUr7MImbrohY4epAJ2%22%7D%7D\",\"severity\":\"DEBUG\",\"message\":\"Callable functions auth override\"}"}}
[info] >  {"verifications":{"app":"MISSING","auth":"VALID"},"logging.googleapis.com/labels":{"firebase-log-type":"callable-request-verification"},"severity":"DEBUG","message":"Callable request verification passed"} {"user":{"verifications":{"app":"MISSING","auth":"VALID"},"logging.googleapis.com/labels":{"firebase-log-type":"callable-request-verification"},"severity":"DEBUG","message":"Callable request verification passed"},"metadata":{"emulator":{"name":"functions"},"function":{"name":"us-central1-sendNotification"},"extension":{},"message":"\u001b[90m> \u001b[39m {\"verifications\":{\"app\":\"MISSING\",\"auth\":\"VALID\"},\"logging.googleapis.com/labels\":{\"firebase-log-type\":\"callable-request-verification\"},\"severity\":\"DEBUG\",\"message\":\"Callable request verification passed\"}"}}
[debug] [2024-01-03T05:47:55.994Z] [runtime-status] [189264] No callable functions auth found {"metadata":{"emulator":{"name":"functions"},"function":{"name":"us-central1-sendNotification"},"extension":{},"message":"[runtime-status] [189264] No callable functions auth found"}}
[debug] [2024-01-03T05:47:56.486Z] Finishing up request with event=pause {"metadata":{"emulator":{"name":"functions"},"function":{"name":"us-central1-sendNotification"},"extension":{},"message":"Finishing up request with event=pause"}}
[info] i  functions: Finished "us-central1-sendNotification" in 502.411062ms {"metadata":{"emulator":{"name":"functions"},"function":{"name":"us-central1-sendNotification"},"extension":{},"message":"Finished \"us-central1-sendNotification\" in 502.411062ms"}}
[debug] [2024-01-03T05:47:56.487Z] [worker-us-central1-sendNotification-73d51eed-2133-4457-98d0-794f2c32258f]: IDLE {"metadata":{"emulator":{"name":"functions"},"function":{"name":"us-central1-sendNotification"},"extension":{},"message":"[worker-us-central1-sendNotification-73d51eed-2133-4457-98d0-794f2c32258f]: IDLE"}}
[debug] [2024-01-03T05:47:56.487Z] Finishing up request with event=finish {"metadata":{"emulator":{"name":"functions"},"function":{"name":"us-central1-sendNotification"},"extension":{},"message":"Finishing up request with event=finish"}}
[debug] [2024-01-03T05:47:56.487Z] Finishing up request with event=close {"metadata":{"emulator":{"name":"functions"},"function":{"name":"us-central1-sendNotification"},"extension":{},"message":"Finishing up request with event=close"}}
[debug] [2024-01-03T05:47:56.487Z] [work-queue] {"queuedWork":[],"queueLength":0,"runningWork":[],"workRunningCount":0}
